{
  "stats": {
    "suites": 1,
    "tests": 1,
    "passes": 1,
    "pending": 0,
    "failures": 0,
    "start": "2023-06-01T07:27:08.094Z",
    "end": "2023-06-01T07:27:29.138Z",
    "duration": 21044,
    "testsRegistered": 1,
    "passPercent": 100,
    "pendingPercent": 0,
    "other": 0,
    "hasOther": false,
    "skipped": 0,
    "hasSkipped": false
  },
  "results": [
    {
      "uuid": "d749534e-c7d5-4ba2-9e26-9dfc3529198f",
      "title": "",
      "fullFile": "cypress/e2e/dojo_2.cy.js",
      "file": "cypress/e2e/dojo_2.cy.js",
      "beforeHooks": [],
      "afterHooks": [],
      "tests": [],
      "suites": [
        {
          "uuid": "3313b963-16ff-4ec1-962b-d96cde50df0f",
          "title": "Demoblaze Dojo 02",
          "fullFile": "",
          "file": "",
          "beforeHooks": [],
          "afterHooks": [],
          "tests": [
            {
              "title": "Création utilisateur, ajout de produit au panier, et passage de commande",
              "fullTitle": "Demoblaze Dojo 02 Création utilisateur, ajout de produit au panier, et passage de commande",
              "timedOut": null,
              "duration": 18042,
              "state": "passed",
              "speed": "slow",
              "pass": true,
              "fail": false,
              "pending": false,
              "context": null,
              "code": "// constantes faker\nconst lastName = _faker.faker.name.lastName();\nconst password = _faker.faker.internet.password();\ncy.visit(\"https://www.demoblaze.com/\");\ncy.screenshot(\"Page d'accueil\");\n// Création d'un utilisateur\ncy.get(\"#signin2\").click({\n  force: true\n});\ncy.get(\"#sign-username\").type(lastName);\ncy.get(\"#sign-password\").type(password);\ncy.get(\"#signInModal > .modal-dialog > .modal-content > .modal-footer > .btn-primary\").click({\n  force: true\n});\ncy.screenshot(\"Page de création utilisateur\");\ncy.get(\"#signInModal > .modal-dialog > .modal-content > .modal-footer > .btn-secondary\").click({\n  force: true\n});\n// Connexion\ncy.get(\"#login2\").click({\n  force: true\n});\ncy.get(\"#loginusername\").type(lastName);\ncy.get(\"#loginpassword\").type(password);\ncy.get(\"#logInModal > .modal-dialog > .modal-content > .modal-footer > .btn-primary\").click({\n  force: true\n});\ncy.screenshot(\"Page de connexion\");\n// Navigation vers la page de produit\ncy.visit(\"https://www.demoblaze.com/prod.html?idp_=3\");\ncy.screenshot(\"Page de produit\");\n// Ajout du produit au panier\ncy.get(\".col-sm-12 > .btn\").click({\n  force: true\n});\ncy.screenshot(\"Page du panier\");\n// Aller au panier\ncy.visit(\"https://www.demoblaze.com/cart.html\");\ncy.screenshot(\"Page du panier\");\n// Passage de commande\ncy.get(\".col-lg-1 > .btn\").click({\n  force: true\n});\ncy.get(\"#name\").type(_faker.faker.name.firstName());\ncy.get(\"#country\").type(_faker.faker.address.country());\ncy.get(\"#city\").type(_faker.faker.address.city());\ncy.get(\"#card\").type(_faker.faker.finance.creditCardNumber());\ncy.get(\"#month\").type(\"05\");\ncy.get(\"#year\").type(\"2025\");\ncy.get(\"#orderModal > .modal-dialog > .modal-content > .modal-footer > .btn-primary\").click({\n  force: true\n});\ncy.screenshot(\"Page de confirmation de commande\");",
              "err": {},
              "uuid": "ab6e901c-36be-47a3-baf8-35a8850440e4",
              "parentUUID": "3313b963-16ff-4ec1-962b-d96cde50df0f",
              "isHook": false,
              "skipped": false
            }
          ],
          "suites": [],
          "passes": [
            "ab6e901c-36be-47a3-baf8-35a8850440e4"
          ],
          "failures": [],
          "pending": [],
          "skipped": [],
          "duration": 18042,
          "root": false,
          "rootEmpty": false,
          "_timeout": 2000
        }
      ],
      "passes": [],
      "failures": [],
      "pending": [],
      "skipped": [],
      "duration": 0,
      "root": true,
      "rootEmpty": true,
      "_timeout": 2000
    }
  ],
  "meta": {
    "mocha": {
      "version": "7.0.1"
    },
    "mochawesome": {
      "options": {
        "quiet": false,
        "reportFilename": "mochawesome",
        "saveHtml": true,
        "saveJson": true,
        "consoleReporter": "spec",
        "useInlineDiffs": false,
        "code": true
      },
      "version": "7.1.3"
    },
    "marge": {
      "options": null,
      "version": "6.2.0"
    }
  }
}